<?xml version="1.0" encoding="UTF-8"?>
<testsuite name="com.example.userservice.UserServiceApplicationTests" tests="1" skipped="0" failures="0" errors="0" timestamp="2021-09-30T02:21:14" hostname="hyunwooui-MacBookPro.local" time="0.16">
  <properties/>
  <testcase name="contextLoads()" classname="com.example.userservice.UserServiceApplicationTests" time="0.16"/>
  <system-out><![CDATA[11:21:07.404 [Test worker] DEBUG org.springframework.test.context.BootstrapUtils - Instantiating CacheAwareContextLoaderDelegate from class [org.springframework.test.context.cache.DefaultCacheAwareContextLoaderDelegate]
11:21:07.410 [Test worker] DEBUG org.springframework.test.context.BootstrapUtils - Instantiating BootstrapContext using constructor [public org.springframework.test.context.support.DefaultBootstrapContext(java.lang.Class,org.springframework.test.context.CacheAwareContextLoaderDelegate)]
11:21:07.425 [Test worker] DEBUG org.springframework.test.context.BootstrapUtils - Instantiating TestContextBootstrapper for test class [com.example.userservice.UserServiceApplicationTests] from class [org.springframework.boot.test.context.SpringBootTestContextBootstrapper]
11:21:07.430 [Test worker] INFO org.springframework.boot.test.context.SpringBootTestContextBootstrapper - Neither @ContextConfiguration nor @ContextHierarchy found for test class [com.example.userservice.UserServiceApplicationTests], using SpringBootContextLoader
11:21:07.432 [Test worker] DEBUG org.springframework.test.context.support.AbstractContextLoader - Did not detect default resource location for test class [com.example.userservice.UserServiceApplicationTests]: class path resource [com/example/userservice/UserServiceApplicationTests-context.xml] does not exist
11:21:07.432 [Test worker] DEBUG org.springframework.test.context.support.AbstractContextLoader - Did not detect default resource location for test class [com.example.userservice.UserServiceApplicationTests]: class path resource [com/example/userservice/UserServiceApplicationTestsContext.groovy] does not exist
11:21:07.432 [Test worker] INFO org.springframework.test.context.support.AbstractContextLoader - Could not detect default resource locations for test class [com.example.userservice.UserServiceApplicationTests]: no resource found for suffixes {-context.xml, Context.groovy}.
11:21:07.432 [Test worker] INFO org.springframework.test.context.support.AnnotationConfigContextLoaderUtils - Could not detect default configuration classes for test class [com.example.userservice.UserServiceApplicationTests]: UserServiceApplicationTests does not declare any static, non-private, non-final, nested classes annotated with @Configuration.
11:21:07.451 [Test worker] DEBUG org.springframework.test.context.support.ActiveProfilesUtils - Could not find an 'annotation declaring class' for annotation type [org.springframework.test.context.ActiveProfiles] and class [com.example.userservice.UserServiceApplicationTests]
11:21:07.474 [Test worker] DEBUG org.springframework.context.annotation.ClassPathScanningCandidateComponentProvider - Identified candidate component class: file [/Users/hyunwoo/Documents/MSA/user-service/build/classes/java/main/com/example/userservice/UserServiceApplication.class]
11:21:07.474 [Test worker] INFO org.springframework.boot.test.context.SpringBootTestContextBootstrapper - Found @SpringBootConfiguration com.example.userservice.UserServiceApplication for test class com.example.userservice.UserServiceApplicationTests
11:21:07.520 [Test worker] DEBUG org.springframework.boot.test.context.SpringBootTestContextBootstrapper - @TestExecutionListeners is not present for class [com.example.userservice.UserServiceApplicationTests]: using defaults.
11:21:07.520 [Test worker] INFO org.springframework.boot.test.context.SpringBootTestContextBootstrapper - Loaded default TestExecutionListener class names from location [META-INF/spring.factories]: [org.springframework.boot.test.autoconfigure.restdocs.RestDocsTestExecutionListener, org.springframework.boot.test.autoconfigure.web.client.MockRestServiceServerResetTestExecutionListener, org.springframework.boot.test.autoconfigure.web.servlet.MockMvcPrintOnlyOnFailureTestExecutionListener, org.springframework.boot.test.autoconfigure.web.servlet.WebDriverTestExecutionListener, org.springframework.boot.test.autoconfigure.webservices.client.MockWebServiceServerTestExecutionListener, org.springframework.boot.test.mock.mockito.MockitoTestExecutionListener, org.springframework.boot.test.mock.mockito.ResetMocksTestExecutionListener, org.springframework.test.context.web.ServletTestExecutionListener, org.springframework.test.context.support.DirtiesContextBeforeModesTestExecutionListener, org.springframework.test.context.event.ApplicationEventsTestExecutionListener, org.springframework.test.context.support.DependencyInjectionTestExecutionListener, org.springframework.test.context.support.DirtiesContextTestExecutionListener, org.springframework.test.context.transaction.TransactionalTestExecutionListener, org.springframework.test.context.jdbc.SqlScriptsTestExecutionListener, org.springframework.test.context.event.EventPublishingTestExecutionListener]
11:21:07.524 [Test worker] DEBUG org.springframework.boot.test.context.SpringBootTestContextBootstrapper - Skipping candidate TestExecutionListener [org.springframework.test.context.transaction.TransactionalTestExecutionListener] due to a missing dependency. Specify custom listener classes or make the default listener classes and their required dependencies available. Offending class: [org/springframework/transaction/TransactionDefinition]
11:21:07.524 [Test worker] DEBUG org.springframework.boot.test.context.SpringBootTestContextBootstrapper - Skipping candidate TestExecutionListener [org.springframework.test.context.jdbc.SqlScriptsTestExecutionListener] due to a missing dependency. Specify custom listener classes or make the default listener classes and their required dependencies available. Offending class: [org/springframework/transaction/interceptor/TransactionAttribute]
11:21:07.525 [Test worker] INFO org.springframework.boot.test.context.SpringBootTestContextBootstrapper - Using TestExecutionListeners: [org.springframework.test.context.web.ServletTestExecutionListener@358d6c26, org.springframework.test.context.support.DirtiesContextBeforeModesTestExecutionListener@7e216b4f, org.springframework.test.context.event.ApplicationEventsTestExecutionListener@1ee8f26b, org.springframework.boot.test.mock.mockito.MockitoTestExecutionListener@260bcc72, org.springframework.boot.test.autoconfigure.SpringBootDependencyInjectionTestExecutionListener@78b978c9, org.springframework.test.context.support.DirtiesContextTestExecutionListener@d371f82, org.springframework.test.context.event.EventPublishingTestExecutionListener@5495dfe5, org.springframework.boot.test.autoconfigure.restdocs.RestDocsTestExecutionListener@2c85e159, org.springframework.boot.test.autoconfigure.web.client.MockRestServiceServerResetTestExecutionListener@1f49ab30, org.springframework.boot.test.autoconfigure.web.servlet.MockMvcPrintOnlyOnFailureTestExecutionListener@2ab77c54, org.springframework.boot.test.autoconfigure.web.servlet.WebDriverTestExecutionListener@5027f410, org.springframework.boot.test.autoconfigure.webservices.client.MockWebServiceServerTestExecutionListener@53ab5864, org.springframework.boot.test.mock.mockito.ResetMocksTestExecutionListener@169690a]
11:21:07.526 [Test worker] DEBUG org.springframework.test.context.support.AbstractDirtiesContextTestExecutionListener - Before test class: context [DefaultTestContext@1972bf4 testClass = UserServiceApplicationTests, testInstance = [null], testMethod = [null], testException = [null], mergedContextConfiguration = [WebMergedContextConfiguration@63b07d05 testClass = UserServiceApplicationTests, locations = '{}', classes = '{class com.example.userservice.UserServiceApplication}', contextInitializerClasses = '[]', activeProfiles = '{}', propertySourceLocations = '{}', propertySourceProperties = '{org.springframework.boot.test.context.SpringBootTestContextBootstrapper=true}', contextCustomizers = set[org.springframework.boot.test.autoconfigure.actuate.metrics.MetricsExportContextCustomizerFactory$DisableMetricExportContextCustomizer@201a596, org.springframework.boot.test.autoconfigure.properties.PropertyMappingContextCustomizer@0, org.springframework.boot.test.autoconfigure.web.servlet.WebDriverContextCustomizerFactory$Customizer@3234301c, org.springframework.boot.test.context.filter.ExcludeFilterContextCustomizer@725cc8c1, org.springframework.boot.test.json.DuplicateJsonObjectContextCustomizerFactory$DuplicateJsonObjectContextCustomizer@3f9b51a7, org.springframework.boot.test.mock.mockito.MockitoContextCustomizer@0, org.springframework.boot.test.web.client.TestRestTemplateContextCustomizer@497b8808, org.springframework.boot.test.context.SpringBootTestArgs@1, org.springframework.boot.test.context.SpringBootTestWebEnvironment@4f1a2913], resourceBasePath = 'src/main/webapp', contextLoader = 'org.springframework.boot.test.context.SpringBootContextLoader', parent = [null]], attributes = map['org.springframework.test.context.web.ServletTestExecutionListener.activateListener' -> true]], class annotated with @DirtiesContext [false] with mode [null].
11:21:07.540 [Test worker] DEBUG org.springframework.test.context.support.TestPropertySourceUtils - Adding inlined properties to environment: {spring.jmx.enabled=false, org.springframework.boot.test.context.SpringBootTestContextBootstrapper=true}

  .   ____          _            __ _ _
 /\\ / ___'_ __ _ _(_)_ __  __ _ \ \ \ \
( ( )\___ | '_ | '_| | '_ \/ _` | \ \ \ \
 \\/  ___)| |_)| | | | | || (_| |  ) ) ) )
  '  |____| .__|_| |_|_| |_\__, | / / / /
 =========|_|==============|___/=/_/_/_/
 :: Spring Boot ::               (v2.4.11)

2021-09-30 11:21:12.744  INFO 86529 --- [    Test worker] c.e.u.UserServiceApplicationTests        : Starting UserServiceApplicationTests using Java 11.0.11 on hyunwooui-MacBookPro.local with PID 86529 (started by hyunwoo in /Users/hyunwoo/Documents/MSA/user-service)
2021-09-30 11:21:12.745  INFO 86529 --- [    Test worker] c.e.u.UserServiceApplicationTests        : No active profile set, falling back to default profiles: default
2021-09-30 11:21:13.120  INFO 86529 --- [    Test worker] o.s.cloud.context.scope.GenericScope     : BeanFactory id=8bae592f-bc63-3ff0-8596-60e1ca27ed66
2021-09-30 11:21:13.626  INFO 86529 --- [    Test worker] DiscoveryClientOptionalArgsConfiguration : Eureka HTTP Client uses RestTemplate.
2021-09-30 11:21:13.706  WARN 86529 --- [    Test worker] iguration$LoadBalancerCaffeineWarnLogger : Spring Cloud LoadBalancer is currently working with the default cache. You can switch to using Caffeine cache, by adding it and org.springframework.cache.caffeine.CaffeineCacheManager to the classpath.
2021-09-30 11:21:13.719  INFO 86529 --- [    Test worker] o.s.c.n.eureka.InstanceInfoFactory       : Setting initial instance status as: STARTING
2021-09-30 11:21:13.781  INFO 86529 --- [    Test worker] com.netflix.discovery.DiscoveryClient    : Initializing Eureka in region us-east-1
2021-09-30 11:21:13.784  INFO 86529 --- [    Test worker] c.n.d.s.r.aws.ConfigClusterResolver      : Resolving eureka endpoints via configuration
2021-09-30 11:21:13.798  INFO 86529 --- [    Test worker] com.netflix.discovery.DiscoveryClient    : Disable delta property : false
2021-09-30 11:21:13.798  INFO 86529 --- [    Test worker] com.netflix.discovery.DiscoveryClient    : Single vip registry refresh property : null
2021-09-30 11:21:13.798  INFO 86529 --- [    Test worker] com.netflix.discovery.DiscoveryClient    : Force full registry fetch : false
2021-09-30 11:21:13.798  INFO 86529 --- [    Test worker] com.netflix.discovery.DiscoveryClient    : Application is null : false
2021-09-30 11:21:13.798  INFO 86529 --- [    Test worker] com.netflix.discovery.DiscoveryClient    : Registered Applications size is zero : true
2021-09-30 11:21:13.798  INFO 86529 --- [    Test worker] com.netflix.discovery.DiscoveryClient    : Application version is -1: true
2021-09-30 11:21:13.798  INFO 86529 --- [    Test worker] com.netflix.discovery.DiscoveryClient    : Getting all instance registry info from the eureka server
2021-09-30 11:21:14.042  INFO 86529 --- [    Test worker] com.netflix.discovery.DiscoveryClient    : The response status is 200
2021-09-30 11:21:14.044  INFO 86529 --- [    Test worker] com.netflix.discovery.DiscoveryClient    : Starting heartbeat executor: renew interval is: 30
2021-09-30 11:21:14.045  INFO 86529 --- [    Test worker] c.n.discovery.InstanceInfoReplicator     : InstanceInfoReplicator onDemand update allowed rate per min is 4
2021-09-30 11:21:14.048  INFO 86529 --- [    Test worker] com.netflix.discovery.DiscoveryClient    : Discovery Client initialized at timestamp 1632968474047 with initial instances count: 2
2021-09-30 11:21:14.050  INFO 86529 --- [    Test worker] o.s.c.n.e.s.EurekaServiceRegistry        : Registering application USER-SERVICE with eureka with status UP
2021-09-30 11:21:14.050  INFO 86529 --- [    Test worker] com.netflix.discovery.DiscoveryClient    : Saw local status change event StatusChangeEvent [timestamp=1632968474050, current=UP, previous=STARTING]
2021-09-30 11:21:14.052  INFO 86529 --- [nfoReplicator-0] com.netflix.discovery.DiscoveryClient    : DiscoveryClient_USER-SERVICE/192.168.0.7:user-service:9001: registering service...
2021-09-30 11:21:14.063  INFO 86529 --- [    Test worker] c.e.u.UserServiceApplicationTests        : Started UserServiceApplicationTests in 6.524 seconds (JVM running for 7.017)
2021-09-30 11:21:14.096  INFO 86529 --- [nfoReplicator-0] com.netflix.discovery.DiscoveryClient    : DiscoveryClient_USER-SERVICE/192.168.0.7:user-service:9001 - registration status: 204
]]></system-out>
  <system-err><![CDATA[]]></system-err>
</testsuite>
